
Clover Installer r5119 (0f5da727e) (installer library v1.1.5), 2020-06-23 02:09:29
macOS Version 10.15.4 (Build 19E287)
SELF = /Applications/Clover.app/Contents/MacOS/CloverDaemonNew
Backup made at:
/Users/caodvi/Desktop/CloverBackUp/WDC WDS250G2B0A-00SM50 Media/r5113_2020-06-23_14-09-24/EFI.
Target volume: /Volumes/EFI
BSD Name:      disk0s1
Filesystem:    FAT32
Is internal:   true
Is writable:   true
Installation type: UEFI

/dev/disk0 (internal, physical):
   #:                       TYPE NAME                    SIZE       IDENTIFIER
   0:      GUID_partition_scheme                        *250.1 GB   disk0
   1:                        EFI EFI                     2.0 GB     disk0s1
   2:                 Apple_APFS Container disk3         247.9 GB   disk0s2

/dev/disk1 (internal, physical):
   #:                       TYPE NAME                    SIZE       IDENTIFIER
   0:      GUID_partition_scheme                        *250.1 GB   disk1
   1:         Microsoft Reserved                         16.8 MB    disk1s1
   2:       Microsoft Basic Data                         250.0 GB   disk1s2

/dev/disk2 (internal, physical):
   #:                       TYPE NAME                    SIZE       IDENTIFIER
   0:      GUID_partition_scheme                        *1.0 TB     disk2
   1:       Microsoft Basic Data WORK                    235.2 GB   disk2s1
   2:       Microsoft Basic Data MULTIMEDIA              192.0 GB   disk2s2
   3:       Microsoft Basic Data PROGRAMS                256.6 GB   disk2s3
   4:       Microsoft Basic Data STORED                  316.3 GB   disk2s4

/dev/disk3 (synthesized):
   #:                       TYPE NAME                    SIZE       IDENTIFIER
   0:      APFS Container Scheme -                      +247.9 GB   disk3
                                 Physical Store disk0s2
   1:                APFS Volume macOS - Data            78.2 GB    disk3s1
   2:                APFS Volume macOS                   11.0 GB    disk3s2
   3:                APFS Volume Preboot                 82.2 MB    disk3s3
   4:                APFS Volume Recovery                533.5 MB   disk3s4
   5:                APFS Volume VM                      1.1 GB     disk3s5




Installing/Updating Clover:
+ ../BOOT/BOOTX64.efi
+ ../CLOVER/CLOVERX64.efi

Installing/Updating drivers:
+ ../UEFI/AudioDxe.efi
+ ../UEFI/DataHubDxe.efi
+ ../UEFI/FSInject.efi
+ ../UEFI/ApfsDriverLoader.efi
+ ../UEFI/AppleKeyFeeder.efi
+ ../UEFI/AptioInputFix.efi
+ ../UEFI/AptioMemoryFix.efi
+ ../UEFI/PartitionDxe.efi
+ ../BIOS/ApfsDriverLoader.efi

Installing/Updating tools:
+ ../tools/Shell64.efi
+ ../tools/bdmesg.efi
+ ../tools/Shell64U.efi
+ ../tools/Shell32.efi

Installing/Updating docs:
+ ../doc/UEFI boot with Clover.rtf
+ ../doc/boot1f32-install.sh
+ ../doc/HowToInstallOSX.txt
+ ../doc/HowToFixDsdt.txt
+ ../doc/bcfg.txt